DRAWING THE SCREEN
TOP is set
TOP is set
TOP is set
TOP is set
TOP is set
TOP is set
TOP is set
TOP is set
TOP is set
TOP is set
TOP is set
TOP is set
TOP is set
TOP is set
TOP is set
TOP is set
TRYING TO SPAWN
UNREADY!
TRYING TO SPAWN
UNREADY!
TRYING TO SPAWN
TRYING TO SPAWN
UNREADY!
UNREADY!
TRYING TO SPAWN
UNREADY!
TRYING TO SPAWN
UNREADY!
TRYING TO SPAWN
UNREADY!
TRYING TO SPAWN
UNREADY!
TRYING TO SPAWN
TRYING TO SPAWN
UNREADY!
UNREADY!
TRYING TO SPAWN
UNREADY!
TRYING TO SPAWN
UNREADY!
TRYING TO SPAWN
UNREADY!
TRYING TO SPAWN
UNREADY!
TRYING TO SPAWN
UNREADY!
TRYING TO SPAWN
UNREADY!
TRYING TO SPAWN
UNREADY!
TRYING TO SPAWN
UNREADY!
TRYING TO SPAWN
UNREADY!
TRYING TO SPAWN
UNREADY!
TRYING TO SPAWN
UNREADY!
TRYING TO SPAWN
UNREADY!
TRYING TO SPAWN
UNREADY!
TRYING TO SPAWN
UNREADY!
TRYING TO SPAWN
UNREADY!
TRYING TO SPAWN
UNREADY!
TRYING TO SPAWN
UNREADY!
TRYING TO SPAWN
UNREADY!
DRAWING THE SCREEN
TOP is set
TOP is set
TOP is set
TOP is set
TOP is set
TOP is set
TOP is set
TOP is set
TOP is set
TOP is set
TOP is set
TOP is set
TOP is set
TOP is set
TOP is set
TOP is set
TRYING TO SPAWN
UNREADY!
TRYING TO SPAWN
UNREADY!
TRYING TO SPAWN
UNREADY!
TRYING TO SPAWN
UNREADY!
TRYING TO SPAWN
UNREADY!
TRYING TO SPAWN
UNREADY!
TRYING TO SPAWN
UNREADY!
TRYING TO SPAWN
UNREADY!
TRYING TO SPAWN
UNREADY!
TRYING TO SPAWN
UNREADY!
TRYING TO SPAWN
UNREADY!
TRYING TO SPAWN
UNREADY!
TRYING TO SPAWN
UNREADY!
TRYING TO SPAWN
UNREADY!
TRYING TO SPAWN
UNREADY!
TRYING TO SPAWN
UNREADY!
TRYING TO SPAWN
SHOULD HAVE SPAWNED
TRYING TO SPAWN
SHOULD HAVE SPAWNED
ON KEY STROKE
CURRENT INPUT: Æ
ON KEY STROKE
CURRENT INPUT: °
ON KEY STROKE
CURRENT INPUT: t
ON KEY STROKE
CURRENT INPUT: h
ON KEY STROKE
CURRENT INPUT: h
ON KEY STROKE
CURRENT INPUT: h
ON KEY STROKE
CURRENT INPUT: k
YOU LOSE
GAME ENDED!
DRAWING THE SCREEN
TOP is set
TOP is set
TOP is set
TOP is set
TOP is set
TOP is set
TOP is set
TOP is set
TOP is set
TOP is set
TOP is set
TOP is set
TOP is set
TOP is set
TOP is set
TOP is set
TRYING TO SPAWN
TRYING TO SPAWN
UNREADY!
UNREADY!
TRYING TO SPAWN
TRYING TO SPAWN
UNREADY!
UNREADY!
DRAWING THE SCREEN
TOP is set
TOP is set
TOP is set
TOP is set
TOP is set
TOP is set
TOP is set
TOP is set
TOP is set
TOP is set
TOP is set
TOP is set
TOP is set
TOP is set
TOP is set
TOP is set
TRYING TO SPAWN
UNREADY!
TRYING TO SPAWN
UNREADY!
TRYING TO SPAWN
UNREADY!
TRYING TO SPAWN
UNREADY!
TRYING TO SPAWN
UNREADY!
TRYING TO SPAWN
UNREADY!
TRYING TO SPAWN
TRYING TO SPAWN
UNREADY!
UNREADY!
TRYING TO SPAWN
TRYING TO SPAWN
UNREADY!
UNREADY!
TRYING TO SPAWN
TRYING TO SPAWN
UNREADY!
UNREADY!
TRYING TO SPAWN
UNREADY!
TRYING TO SPAWN
UNREADY!
TRYING TO SPAWN
UNREADY!
TRYING TO SPAWN
UNREADY!
TRYING TO SPAWN
UNREADY!
TRYING TO SPAWN
UNREADY!
TRYING TO SPAWN
UNREADY!
TRYING TO SPAWN
UNREADY!
TRYING TO SPAWN
UNREADY!
TRYING TO SPAWN
UNREADY!
TRYING TO SPAWN
UNREADY!
TRYING TO SPAWN
UNREADY!
TRYING TO SPAWN
UNREADY!
TRYING TO SPAWN
UNREADY!
TRYING TO SPAWN
UNREADY!
TRYING TO SPAWN
UNREADY!
TRYING TO SPAWN
UNREADY!
TRYING TO SPAWN
UNREADY!
TRYING TO SPAWN
UNREADY!
TRYING TO SPAWN
UNREADY!
TRYING TO SPAWN
UNREADY!
TRYING TO SPAWN
UNREADY!
TRYING TO SPAWN
UNREADY!
TRYING TO SPAWN
UNREADY!
TRYING TO SPAWN
UNREADY!
TRYING TO SPAWN
UNREADY!
TRYING TO SPAWN
UNREADY!
TRYING TO SPAWN
UNREADY!
TRYING TO SPAWN
SHOULD HAVE SPAWNED
TRYING TO SPAWN
SHOULD HAVE SPAWNED
ON KEY STROKE
CURRENT INPUT: j
ON KEY STROKE
CURRENT INPUT: k
ON KEY STROKE
CURRENT INPUT: j
ON KEY STROKE
CURRENT INPUT: k
ON KEY STROKE
CURRENT INPUT: j
ON KEY STROKE
CURRENT INPUT: h
ON KEY STROKE
CURRENT INPUT: k
ON KEY STROKE
CURRENT INPUT: j
ON KEY STROKE
CURRENT INPUT: j
ON KEY STROKE
CURRENT INPUT: j
ON KEY STROKE
CURRENT INPUT: l
ON KEY STROKE
CURRENT INPUT: l
ON KEY STROKE
CURRENT INPUT: l
ON KEY STROKE
CURRENT INPUT: k
ON KEY STROKE
CURRENT INPUT: j
ON KEY STROKE
CURRENT INPUT: j
ON KEY STROKE
CURRENT INPUT: j
ON KEY STROKE
CURRENT INPUT: l
ON KEY STROKE
CURRENT INPUT: j
ON KEY STROKE
CURRENT INPUT: h
ON KEY STROKE
CURRENT INPUT: h
ON KEY STROKE
CURRENT INPUT: h
ON KEY STROKE
CURRENT INPUT: h
ON KEY STROKE
CURRENT INPUT: h
ON KEY STROKE
CURRENT INPUT: h
ON KEY STROKE
CURRENT INPUT: h
ON KEY STROKE
CURRENT INPUT: w
YOU LOSE
GAME ENDED!
DRAWING THE SCREEN
TOP is set
TOP is set
TOP is set
TOP is set
TOP is set
TOP is set
TOP is set
TOP is set
TOP is set
TOP is set
TOP is set
TOP is set
TOP is set
TOP is set
TOP is set
TOP is set
TRYING TO SPAWN
TRYING TO SPAWN
UNREADY!
UNREADY!
TRYING TO SPAWN
TRYING TO SPAWN
UNREADY!
UNREADY!
TRYING TO SPAWN
UNREADY!
TRYING TO SPAWN
UNREADY!
TRYING TO SPAWN
SHOULD HAVE SPAWNED
TRYING TO SPAWN
SHOULD HAVE SPAWNED
ON KEY STROKE
CURRENT INPUT: Æ
ON KEY STROKE
CURRENT INPUT: °
ON KEY STROKE
CURRENT INPUT: e
ON KEY STROKE
CURRENT INPUT: e
ON KEY STROKE
CURRENT INPUT: b
ON KEY STROKE
CURRENT INPUT: b
ON KEY STROKE
CURRENT INPUT: b
ON KEY STROKE
CURRENT INPUT: h
ON KEY STROKE
CURRENT INPUT: h
ON KEY STROKE
CURRENT INPUT: j
ON KEY STROKE
CURRENT INPUT: j
ON KEY STROKE
CURRENT INPUT: k
ON KEY STROKE
CURRENT INPUT: h
ON KEY STROKE
CURRENT INPUT: j
ON KEY STROKE
CURRENT INPUT: l
ON KEY STROKE
CURRENT INPUT: l
ON KEY STROKE
CURRENT INPUT: l
ON KEY STROKE
CURRENT INPUT: k
ON KEY STROKE
CURRENT INPUT: j
ON KEY STROKE
CURRENT INPUT: j
YOU LOSE
GAME ENDED!
DRAWING THE SCREEN
TOP is set
TOP is set
TOP is set
TOP is set
TOP is set
TOP is set
TOP is set
TOP is set
TOP is set
TOP is set
TOP is set
TOP is set
TOP is set
TOP is set
TOP is set
TOP is set
TRYING TO SPAWN
UNREADY!
TRYING TO SPAWN
UNREADY!
TRYING TO SPAWN
TRYING TO SPAWN
UNREADY!
UNREADY!
TRYING TO SPAWN
TRYING TO SPAWN
UNREADY!
UNREADY!
TRYING TO SPAWN
UNREADY!
TRYING TO SPAWN
UNREADY!
TRYING TO SPAWN
SHOULD HAVE SPAWNED
TRYING TO SPAWN
SHOULD HAVE SPAWNED
ON KEY STROKE
CURRENT INPUT: j
YOU LOSE
GAME ENDED!
DRAWING THE SCREEN
TOP is set
TOP is set
TOP is set
TOP is set
TOP is set
TOP is set
TOP is set
TOP is set
TOP is set
TOP is set
TOP is set
TOP is set
TOP is set
TOP is set
TOP is set
TOP is set
TRYING TO SPAWN
UNREADY!
TRYING TO SPAWN
UNREADY!
TRYING TO SPAWN
UNREADY!
TRYING TO SPAWN
UNREADY!
TRYING TO SPAWN
UNREADY!
TRYING TO SPAWN
UNREADY!
TRYING TO SPAWN
UNREADY!
TRYING TO SPAWN
UNREADY!
TRYING TO SPAWN
UNREADY!
TRYING TO SPAWN
UNREADY!
TRYING TO SPAWN
UNREADY!
TRYING TO SPAWN
UNREADY!
TRYING TO SPAWN
UNREADY!
TRYING TO SPAWN
UNREADY!
TRYING TO SPAWN
UNREADY!
TRYING TO SPAWN
UNREADY!
TRYING TO SPAWN
UNREADY!
TRYING TO SPAWN
UNREADY!
TRYING TO SPAWN
UNREADY!
TRYING TO SPAWN
UNREADY!
TRYING TO SPAWN
UNREADY!
TRYING TO SPAWN
UNREADY!
TRYING TO SPAWN
UNREADY!
TRYING TO SPAWN
UNREADY!
TRYING TO SPAWN
UNREADY!
TRYING TO SPAWN
UNREADY!
TRYING TO SPAWN
TRYING TO SPAWN
UNREADY!
UNREADY!
TRYING TO SPAWN
UNREADY!
TRYING TO SPAWN
UNREADY!
TRYING TO SPAWN
UNREADY!
TRYING TO SPAWN
UNREADY!
TRYING TO SPAWN
SHOULD HAVE SPAWNED
TRYING TO SPAWN
SHOULD HAVE SPAWNED
ON KEY STROKE
CURRENT INPUT: j
ON KEY STROKE
CURRENT INPUT: k
ON KEY STROKE
CURRENT INPUT: h
ON KEY STROKE
CURRENT INPUT: h
ON KEY STROKE
CURRENT INPUT: h
ON KEY STROKE
CURRENT INPUT: h
ON KEY STROKE
CURRENT INPUT: h
ON KEY STROKE
CURRENT INPUT: h
ON KEY STROKE
CURRENT INPUT: h
ON KEY STROKE
CURRENT INPUT: h
ON KEY STROKE
CURRENT INPUT: h
ON KEY STROKE
CURRENT INPUT: j
ON KEY STROKE
CURRENT INPUT: j
ON KEY STROKE
CURRENT INPUT: h
ON KEY STROKE
CURRENT INPUT: j
ON KEY STROKE
CURRENT INPUT: j
ON KEY STROKE
CURRENT INPUT: l
ON KEY STROKE
CURRENT INPUT: j
ON KEY STROKE
CURRENT INPUT: l
ON KEY STROKE
CURRENT INPUT: h
ON KEY STROKE
CURRENT INPUT: j
ON KEY STROKE
CURRENT INPUT: k
ON KEY STROKE
CURRENT INPUT: k
YOU LOSE
GAME ENDED!
DRAWING THE SCREEN
TOP is set
TOP is set
TOP is set
TOP is set
TOP is set
TOP is set
TOP is set
TOP is set
TOP is set
TOP is set
TOP is set
TOP is set
TOP is set
TOP is set
TOP is set
TOP is set
TRYING TO SPAWN
UNREADY!
TRYING TO SPAWN
UNREADY!
TRYING TO SPAWN
UNREADY!
TRYING TO SPAWN
UNREADY!
TRYING TO SPAWN
UNREADY!
TRYING TO SPAWN
UNREADY!
TRYING TO SPAWN
UNREADY!
TRYING TO SPAWN
UNREADY!
TRYING TO SPAWN
UNREADY!
TRYING TO SPAWN
UNREADY!
TRYING TO SPAWN
UNREADY!
TRYING TO SPAWN
UNREADY!
TRYING TO SPAWN
UNREADY!
TRYING TO SPAWN
UNREADY!
TRYING TO SPAWN
UNREADY!
TRYING TO SPAWN
UNREADY!
TRYING TO SPAWN
SHOULD HAVE SPAWNED
TRYING TO SPAWN
SHOULD HAVE SPAWNED
ON KEY STROKE
CURRENT INPUT: b
ON KEY STROKE
CURRENT INPUT: b
ON KEY STROKE
CURRENT INPUT: s
ON KEY STROKE
CURRENT INPUT: w
ON KEY STROKE
CURRENT INPUT: w
ON KEY STROKE
CURRENT INPUT: k
ON KEY STROKE
CURRENT INPUT: k
ON KEY STROKE
CURRENT INPUT: j
ON KEY STROKE
CURRENT INPUT: j
ON KEY STROKE
CURRENT INPUT: j
ON KEY STROKE
CURRENT INPUT: j
ON KEY STROKE
CURRENT INPUT: j
ON KEY STROKE
CURRENT INPUT: l
ON KEY STROKE
CURRENT INPUT: l
ON KEY STROKE
CURRENT INPUT: k
ON KEY STROKE
CURRENT INPUT: j
ON KEY STROKE
CURRENT INPUT: k
ON KEY STROKE
CURRENT INPUT: h
ON KEY STROKE
CURRENT INPUT: l
ON KEY STROKE
CURRENT INPUT: j
ON KEY STROKE
CURRENT INPUT: k
ON KEY STROKE
CURRENT INPUT: k
ON KEY STROKE
CURRENT INPUT: j
ON KEY STROKE
CURRENT INPUT: k
ON KEY STROKE
CURRENT INPUT: k
ON KEY STROKE
CURRENT INPUT: j
ON KEY STROKE
CURRENT INPUT: k
ON KEY STROKE
CURRENT INPUT: k
ON KEY STROKE
CURRENT INPUT: l
ON KEY STROKE
CURRENT INPUT: l
ON KEY STROKE
CURRENT INPUT: k
ON KEY STROKE
CURRENT INPUT: k
ON KEY STROKE
CURRENT INPUT: j
ON KEY STROKE
CURRENT INPUT: k
ON KEY STROKE
CURRENT INPUT: w
ON KEY STROKE
CURRENT INPUT: b
ON KEY STROKE
CURRENT INPUT: b
ON KEY STROKE
CURRENT INPUT: w
ON KEY STROKE
CURRENT INPUT: w
ON KEY STROKE
CURRENT INPUT: k
ON KEY STROKE
CURRENT INPUT: j
ON KEY STROKE
CURRENT INPUT: j
ON KEY STROKE
CURRENT INPUT: h
ON KEY STROKE
CURRENT INPUT: h
ON KEY STROKE
CURRENT INPUT: h
ON KEY STROKE
CURRENT INPUT: j
ON KEY STROKE
CURRENT INPUT: k
ON KEY STROKE
CURRENT INPUT: k
ON KEY STROKE
CURRENT INPUT: k
ON KEY STROKE
CURRENT INPUT: k
ON KEY STROKE
CURRENT INPUT: j
ON KEY STROKE
CURRENT INPUT: k
ON KEY STROKE
CURRENT INPUT: h
ON KEY STROKE
CURRENT INPUT: k
ON KEY STROKE
CURRENT INPUT: k
ON KEY STROKE
CURRENT INPUT: k
ON KEY STROKE
CURRENT INPUT: l
ON KEY STROKE
CURRENT INPUT: k
ON KEY STROKE
CURRENT INPUT: j
ON KEY STROKE
CURRENT INPUT: j
ON KEY STROKE
CURRENT INPUT: e
YOU LOSE
GAME ENDED!
DRAWING THE SCREEN
TOP is set
TOP is set
TOP is set
TOP is set
TOP is set
TOP is set
TOP is set
TOP is set
TOP is set
TOP is set
TOP is set
TOP is set
TOP is set
TOP is set
TOP is set
TOP is set
TRYING TO SPAWN
UNREADY!
TRYING TO SPAWN
UNREADY!
TRYING TO SPAWN
UNREADY!
TRYING TO SPAWN
UNREADY!
TRYING TO SPAWN
UNREADY!
TRYING TO SPAWN
UNREADY!
TRYING TO SPAWN
UNREADY!
TRYING TO SPAWN
UNREADY!
TRYING TO SPAWN
UNREADY!
TRYING TO SPAWN
UNREADY!
TRYING TO SPAWN
UNREADY!
TRYING TO SPAWN
UNREADY!
TRYING TO SPAWN
UNREADY!
TRYING TO SPAWN
UNREADY!
TRYING TO SPAWN
UNREADY!
TRYING TO SPAWN
UNREADY!
ON KEY STROKE
CURRENT INPUT: e
TRYING TO SPAWN
SHOULD HAVE SPAWNED
TRYING TO SPAWN
SHOULD HAVE SPAWNED
ON KEY STROKE
CURRENT INPUT: 
ON KEY STROKE
CURRENT INPUT: Ã
ON KEY STROKE
CURRENT INPUT: ª
ON KEY STROKE
CURRENT INPUT: v
ON KEY STROKE
CURRENT INPUT: b
ON KEY STROKE
CURRENT INPUT: b
ON KEY STROKE
CURRENT INPUT: b
ON KEY STROKE
CURRENT INPUT: k
ON KEY STROKE
CURRENT INPUT: k
ON KEY STROKE
CURRENT INPUT: k
ON KEY STROKE
CURRENT INPUT: j
ON KEY STROKE
CURRENT INPUT: j
ON KEY STROKE
CURRENT INPUT: k
ON KEY STROKE
CURRENT INPUT: e
ON KEY STROKE
CURRENT INPUT: v
ON KEY STROKE
CURRENT INPUT: b
YOU LOSE
GAME ENDED!
DRAWING THE SCREEN
TOP is set
TOP is set
TOP is set
TOP is set
TOP is set
TOP is set
TOP is set
TOP is set
TOP is set
TOP is set
TOP is set
TOP is set
TOP is set
TOP is set
TOP is set
TOP is set
